      Step     Time          Energy          fmax
BFGS:    0 16:10:05       43.830623       68.381805
BFGS:    1 16:10:08       -6.855885      156.227755
BFGS:    2 16:10:11       10.374415      263.569903
BFGS:    3 16:10:13        2.044993      243.263593
BFGS:    4 16:10:16       53.919215      138.517189
BFGS:    5 16:10:19       32.478160      204.078924
BFGS:    6 16:10:22       55.882991       48.460320
BFGS:    7 16:10:25       -5.154408      262.555322
BFGS:    8 16:10:28       37.425502      245.145947
BFGS:    9 16:10:31      -12.209798      323.631808
BFGS:   10 16:10:34       18.816005      294.744474
BFGS:   11 16:10:37      -13.193715      195.991918
BFGS:   12 16:10:40      -12.647115      222.408593
BFGS:   13 16:10:43      -18.044347      136.811879
BFGS:   14 16:10:46      -11.059499      244.143648
BFGS:   15 16:10:49      -14.600347      256.053400
BFGS:   16 16:10:52      -16.045857      208.908529
BFGS:   17 16:10:55      -17.303472      347.106994
BFGS:   18 16:10:57       18.480342      307.556321
BFGS:   19 16:11:00      -11.290898      244.216013
BFGS:   20 16:11:03        2.503139      293.870853
BFGS:   21 16:11:06      -18.226003      317.801764
BFGS:   22 16:11:09       12.429515      299.691847
BFGS:   23 16:11:12      -10.921239      225.333416
BFGS:   24 16:11:15       -5.349950      268.425545
BFGS:   25 16:11:18      -19.492101      424.414045
BFGS:   26 16:11:21      -17.775975      129.424832
BFGS:   27 16:11:24      -19.033193      422.636775
BFGS:   28 16:11:27      -14.830419      270.106808
BFGS:   29 16:11:29      -21.044576      241.784964
BFGS:   30 16:11:32      -11.011754      245.230926
BFGS:   31 16:11:35      -18.207021      138.794777
BFGS:   32 16:11:38      -20.064397      162.835063
BFGS:   33 16:11:41      -19.811223      352.816613
BFGS:   34 16:11:43      -19.119374      143.027580
BFGS:   35 16:11:46      -20.943913      355.674909
BFGS:   36 16:11:49      -21.824529      303.664970
BFGS:   37 16:11:52      -22.668431      277.768029
BFGS:   38 16:11:55      -17.508672      154.363240
BFGS:   39 16:11:57      -20.331471      284.959290
BFGS:   40 16:12:00      -18.443044      199.613709
BFGS:   41 16:12:03      -22.172322      740.950108
BFGS:   42 16:12:06      -21.183415      366.356746
BFGS:   43 16:12:08      -22.950261      254.655596
BFGS:   44 16:12:11      -24.183797      313.279440
BFGS:   45 16:12:14      -26.415395      118.749194
BFGS:   46 16:12:17      -24.259450      806.597018
BFGS:   47 16:12:20      -27.702016      157.540025
BFGS:   48 16:12:22      -28.584538      123.568123
BFGS:   49 16:12:25      -29.627309       99.761836
BFGS:   50 16:12:28      -29.932302      493.680375
BFGS:   51 16:12:30      -30.231847      163.165410
BFGS:   52 16:12:33      -30.809422      212.200257
BFGS:   53 16:12:36      -31.698140      153.357719
BFGS:   54 16:12:38      -32.701650      401.839248
BFGS:   55 16:12:41      -33.638234      512.788882
BFGS:   56 16:12:44      -34.530751      575.560813
BFGS:   57 16:12:46      -35.242620      523.189258
BFGS:   58 16:12:49      -35.812200      323.019192
BFGS:   59 16:12:52      -36.429341      239.127916
BFGS:   60 16:12:55      -37.436025      205.909340
BFGS:   61 16:12:58      -38.616811      233.715288
BFGS:   62 16:13:01      -40.189855      237.653224
BFGS:   63 16:13:03      -41.669652      209.857634
BFGS:   64 16:13:06      -43.115941      196.838995
BFGS:   65 16:13:09      -44.478719      203.565944
BFGS:   66 16:13:11      -45.891179      198.167178
BFGS:   67 16:13:14      -47.495992      163.463872
BFGS:   68 16:13:17      -48.853810      112.069576
BFGS:   69 16:13:19      -50.102483       81.979108
BFGS:   70 16:13:22      -51.327199      106.520928
BFGS:   71 16:13:25      -52.348821      111.880521
BFGS:   72 16:13:27      -53.157338      106.023057
BFGS:   73 16:13:30      -53.664037      136.627616
BFGS:   74 16:13:32      -54.023595      181.006345
BFGS:   75 16:13:35      -54.352529      137.798114
BFGS:   76 16:13:37      -54.805715      132.034190
BFGS:   77 16:13:40      -55.138738      131.991255
BFGS:   78 16:13:42      -55.336110      103.524859
BFGS:   79 16:13:45      -55.631368       79.189319
BFGS:   80 16:13:47      -55.879903       88.147224
BFGS:   81 16:13:50      -56.182881       91.668012
BFGS:   82 16:13:52      -56.330129       76.101748
BFGS:   83 16:13:54      -56.416799       70.320493
BFGS:   84 16:13:57      -56.588490       94.962066
BFGS:   85 16:13:59      -56.694097      130.906216
BFGS:   86 16:14:01      -56.774312      148.286318
BFGS:   87 16:14:04      -56.870961      144.061653
BFGS:   88 16:14:06      -56.999547      126.952328
BFGS:   89 16:14:08      -57.149907      107.598520
BFGS:   90 16:14:11      -57.308415       92.435646
BFGS:   91 16:14:13      -57.477559       83.152921
BFGS:   92 16:14:15      -57.693624       83.365805
BFGS:   93 16:14:18      -57.927129       88.464699
BFGS:   94 16:14:20      -58.232198       88.620399
BFGS:   95 16:14:23      -58.662908       90.796013
BFGS:   96 16:14:25      -59.161763       97.375271
BFGS:   97 16:14:27      -59.572240       96.454217
BFGS:   98 16:14:30      -59.955968      100.208148
BFGS:   99 16:14:32      -60.118413       94.048712
BFGS:  100 16:14:35      -60.892079       86.267862
BFGS:  101 16:14:37      -61.491780       87.161981
BFGS:  102 16:14:40      -61.973897       86.161682
BFGS:  103 16:14:42      -62.377614       86.942914
BFGS:  104 16:14:45      -62.790883       88.384544
BFGS:  105 16:14:47      -63.175405       91.194140
BFGS:  106 16:14:50      -63.579152       92.155508
BFGS:  107 16:14:52      -63.897603       92.532448
BFGS:  108 16:14:55      -64.271031       90.731941
BFGS:  109 16:14:57      -64.607015       90.433996
BFGS:  110 16:15:00      -65.025701       92.803735
BFGS:  111 16:15:03      -65.430989       96.960708
BFGS:  112 16:15:05      -65.858769       99.250807
BFGS:  113 16:15:08      -66.306630       98.821834
BFGS:  114 16:15:11      -66.782994       96.526895
BFGS:  115 16:15:13      -67.284780       91.739207
BFGS:  116 16:15:16      -67.802205       82.942254
BFGS:  117 16:15:18      -68.351430       71.513667
BFGS:  118 16:15:21      -68.949513       61.657846
BFGS:  119 16:15:24      -69.466969       47.477786
BFGS:  120 16:15:26      -69.856526       19.908908
BFGS:  121 16:15:29      -70.190938       25.983235
BFGS:  122 16:15:31      -70.601308       19.980229
BFGS:  123 16:15:34      -70.987844       17.680557
BFGS:  124 16:15:36      -71.296956       22.828046
BFGS:  125 16:15:39      -71.408986       14.953846
BFGS:  126 16:15:41      -71.530599        7.449681
BFGS:  127 16:15:44      -71.615972        5.236603
BFGS:  128 16:15:46      -71.679906        4.088138
BFGS:  129 16:15:49      -71.728780        2.726141
BFGS:  130 16:15:51      -71.751851        3.139684
BFGS:  131 16:15:54      -71.763036        3.441649
BFGS:  132 16:15:57      -71.773442        2.992023
BFGS:  133 16:15:59      -71.783483        2.197877
BFGS:  134 16:16:02      -71.796300        1.734634
BFGS:  135 16:16:04      -71.814427        2.128854
BFGS:  136 16:16:07      -71.843266        3.152413
BFGS:  137 16:16:09      -71.880345        5.031841
BFGS:  138 16:16:12      -71.917760        6.725580
BFGS:  139 16:16:14      -71.989156       10.148289
BFGS:  140 16:16:17      -72.026723       10.371222
BFGS:  141 16:16:19      -72.088445        8.948609
BFGS:  142 16:16:22      -72.159581        7.169907
BFGS:  143 16:16:24      -72.221440        5.932822
BFGS:  144 16:16:26      -72.264043        4.608385
BFGS:  145 16:16:29      -72.289220        2.880448
BFGS:  146 16:16:31      -72.304830        2.545843
BFGS:  147 16:16:33      -72.316640        3.359579
BFGS:  148 16:16:35      -72.326390        2.702664
BFGS:  149 16:16:38      -72.337605        1.524603
BFGS:  150 16:16:40      -72.343465        0.916439
BFGS:  151 16:16:42      -72.346562        1.410514
BFGS:  152 16:16:45      -72.349050        1.796128
BFGS:  153 16:16:47      -72.351155        1.781619
BFGS:  154 16:16:49      -72.353765        1.424061
BFGS:  155 16:16:52      -72.356542        0.747049
BFGS:  156 16:16:54      -72.358510        0.292650
BFGS:  157 16:16:56      -72.359441        0.421493
BFGS:  158 16:16:59      -72.359929        0.419868
BFGS:  159 16:17:01      -72.360570        0.311338
BFGS:  160 16:17:03      -72.361272        0.138289
BFGS:  161 16:17:06      -72.361928        0.134273
BFGS:  162 16:17:08      -72.362294        0.158022
BFGS:  163 16:17:10      -72.362386        0.135996
BFGS:  164 16:17:13      -72.362432        0.125780
BFGS:  165 16:17:15      -72.362477        0.112791
BFGS:  166 16:17:17      -72.362584        0.128334
BFGS:  167 16:17:19      -72.362645        0.104143
BFGS:  168 16:17:22      -72.362676        0.076146
BFGS:  169 16:17:24      -72.362691        0.052082
BFGS:  170 16:17:26      -72.362660        0.035213
